09-May-2024 19:41:10.950 INFO [main] org.apache.catalina.startup.VersionLoggerListener.log Nombre de la versión del servidor: Apache Tomcat/10.1.23
09-May-2024 19:41:10.958 INFO [main] org.apache.catalina.startup.VersionLoggerListener.log Server built:                      Apr 16 2024 12:17:18 UTC
09-May-2024 19:41:10.959 INFO [main] org.apache.catalina.startup.VersionLoggerListener.log Número de versión de servidor:     10.1.23.0
09-May-2024 19:41:10.960 INFO [main] org.apache.catalina.startup.VersionLoggerListener.log OS Name:                           Windows 11
09-May-2024 19:41:10.960 INFO [main] org.apache.catalina.startup.VersionLoggerListener.log Versión de Systema Operativo:      10.0
09-May-2024 19:41:10.960 INFO [main] org.apache.catalina.startup.VersionLoggerListener.log Arquitectura:                      amd64
09-May-2024 19:41:10.961 INFO [main] org.apache.catalina.startup.VersionLoggerListener.log Java Home:                         C:\Program Files\Java\jdk-17
09-May-2024 19:41:10.961 INFO [main] org.apache.catalina.startup.VersionLoggerListener.log JVM Version:                       17.0.8+9-LTS-211
09-May-2024 19:41:10.961 INFO [main] org.apache.catalina.startup.VersionLoggerListener.log Vededor JVM:                       Oracle Corporation
09-May-2024 19:41:10.961 INFO [main] org.apache.catalina.startup.VersionLoggerListener.log CATALINA_BASE:                     C:\SERVIDORES\apache-tomcat-10.1.23
09-May-2024 19:41:10.962 INFO [main] org.apache.catalina.startup.VersionLoggerListener.log CATALINA_HOME:                     C:\SERVIDORES\apache-tomcat-10.1.23
09-May-2024 19:41:10.981 INFO [main] org.apache.catalina.startup.VersionLoggerListener.log Command line argument:             -Djava.util.logging.config.file=C:\SERVIDORES\apache-tomcat-10.1.23\conf\logging.properties
09-May-2024 19:41:10.981 INFO [main] org.apache.catalina.startup.VersionLoggerListener.log Command line argument:             -Djava.util.logging.manager=org.apache.juli.ClassLoaderLogManager
09-May-2024 19:41:10.982 INFO [main] org.apache.catalina.startup.VersionLoggerListener.log Command line argument:             -Djdk.tls.ephemeralDHKeySize=2048
09-May-2024 19:41:10.982 INFO [main] org.apache.catalina.startup.VersionLoggerListener.log Command line argument:             -Djava.protocol.handler.pkgs=org.apache.catalina.webresources
09-May-2024 19:41:10.982 INFO [main] org.apache.catalina.startup.VersionLoggerListener.log Command line argument:             --add-opens=java.base/java.lang=ALL-UNNAMED
09-May-2024 19:41:10.982 INFO [main] org.apache.catalina.startup.VersionLoggerListener.log Command line argument:             --add-opens=java.base/java.io=ALL-UNNAMED
09-May-2024 19:41:10.982 INFO [main] org.apache.catalina.startup.VersionLoggerListener.log Command line argument:             --add-opens=java.base/java.util=ALL-UNNAMED
09-May-2024 19:41:10.982 INFO [main] org.apache.catalina.startup.VersionLoggerListener.log Command line argument:             --add-opens=java.base/java.util.concurrent=ALL-UNNAMED
09-May-2024 19:41:10.982 INFO [main] org.apache.catalina.startup.VersionLoggerListener.log Command line argument:             --add-opens=java.rmi/sun.rmi.transport=ALL-UNNAMED
09-May-2024 19:41:10.982 INFO [main] org.apache.catalina.startup.VersionLoggerListener.log Command line argument:             -Dcatalina.base=C:\SERVIDORES\apache-tomcat-10.1.23
09-May-2024 19:41:10.982 INFO [main] org.apache.catalina.startup.VersionLoggerListener.log Command line argument:             -Dcatalina.home=C:\SERVIDORES\apache-tomcat-10.1.23
09-May-2024 19:41:10.984 INFO [main] org.apache.catalina.startup.VersionLoggerListener.log Command line argument:             -Djava.io.tmpdir=C:\SERVIDORES\apache-tomcat-10.1.23\temp
09-May-2024 19:41:11.058 INFO [main] org.apache.catalina.core.AprLifecycleListener.lifecycleEvent Cargada la biblioteca nativa APR de Apache Tomcat [2.0.7] con la versión APR [1.7.4].
09-May-2024 19:41:11.070 INFO [main] org.apache.catalina.core.AprLifecycleListener.initializeSSL OpenSSL inicializado correctamente [OpenSSL 3.0.13 30 Jan 2024]
09-May-2024 19:41:11.603 INFO [main] org.apache.coyote.AbstractProtocol.init Inicializando el manejador de protocolo ["http-nio-8080"]

09-May-2024 19:41:11.658 INFO [main] org.apache.catalina.startup.Catalina.load Server initialization in [1138] milliseconds
09-May-2024 19:41:11.930 INFO [main] org.apache.catalina.core.StandardService.startInternal Arrancando servicio [Catalina]
09-May-2024 19:41:11.935 INFO [main] org.apache.catalina.core.StandardEngine.startInternal Starting Servlet engine: [Apache Tomcat/10.1.23]
09-May-2024 19:41:11.969 INFO [main] org.apache.catalina.startup.HostConfig.deployDirectory Desplegando el directorio [C:\SERVIDORES\apache-tomcat-10.1.23\webapps\docs] de la aplicación web
09-May-2024 19:41:12.791 INFO [main] org.apache.catalina.startup.HostConfig.deployDirectory Deployment of web application directory [C:\SERVIDORES\apache-tomcat-10.1.23\webapps\docs] has finished in [818] ms
09-May-2024 19:41:12.791 INFO [main] org.apache.catalina.startup.HostConfig.deployDirectory Desplegando el directorio [C:\SERVIDORES\apache-tomcat-10.1.23\webapps\examples] de la aplicación web
09-May-2024 19:41:14.162 INFO [main] org.apache.catalina.startup.HostConfig.deployDirectory Deployment of web application directory [C:\SERVIDORES\apache-tomcat-10.1.23\webapps\examples] has finished in [1.370] ms
09-May-2024 19:41:14.162 INFO [main] org.apache.catalina.startup.HostConfig.deployDirectory Desplegando el directorio [C:\SERVIDORES\apache-tomcat-10.1.23\webapps\host-manager] de la aplicación web
09-May-2024 19:41:14.241 INFO [main] org.apache.catalina.startup.HostConfig.deployDirectory Deployment of web application directory [C:\SERVIDORES\apache-tomcat-10.1.23\webapps\host-manager] has finished in [78] ms
09-May-2024 19:41:14.241 INFO [main] org.apache.catalina.startup.HostConfig.deployDirectory Desplegando el directorio [C:\SERVIDORES\apache-tomcat-10.1.23\webapps\manager] de la aplicación web
09-May-2024 19:41:14.303 INFO [main] org.apache.catalina.startup.HostConfig.deployDirectory Deployment of web application directory [C:\SERVIDORES\apache-tomcat-10.1.23\webapps\manager] has finished in [62] ms
09-May-2024 19:41:14.303 INFO [main] org.apache.catalina.startup.HostConfig.deployDirectory Desplegando el directorio [C:\SERVIDORES\apache-tomcat-10.1.23\webapps\ROOT] de la aplicación web
09-May-2024 19:41:14.347 INFO [main] org.apache.catalina.startup.HostConfig.deployDirectory Deployment of web application directory [C:\SERVIDORES\apache-tomcat-10.1.23\webapps\ROOT] has finished in [44] ms
09-May-2024 19:41:14.358 INFO [main] org.apache.coyote.AbstractProtocol.start Starting ProtocolHandler ["http-nio-8080"]
09-May-2024 19:41:14.437 INFO [main] org.apache.catalina.startup.Catalina.start Server startup in [2774] milliseconds
09-May-2024 21:15:27.297 INFO [http-nio-8080-exec-6] org.apache.catalina.startup.HostConfig.deployDescriptor Desplieque del descriptor de configuración [C:\SERVIDORES\apache-tomcat-10.1.23\conf\Catalina\localhost\bdinfonba.xml]
09-May-2024 21:15:27.304 WARNING [http-nio-8080-exec-6] org.apache.catalina.startup.HostConfig.deployDescriptor The path attribute with value [/bdinfonba] in deployment descriptor [C:\SERVIDORES\apache-tomcat-10.1.23\conf\Catalina\localhost\bdinfonba.xml] has been ignored
09-May-2024 21:15:29.763 INFO [http-nio-8080-exec-6] org.apache.jasper.servlet.TldScanner.scanJars Al menos un JAR, que se ha explorado buscando TLDs, aún no contenía TLDs. Activar historial de depuración para este historiador para una completa lista de los JARs que fueron explorados y de los que nos se halló TLDs. Saltarse JARs no necesarios durante la exploración puede dar lugar a una mejora de tiempo significativa en el arranque y compilación de JSP .
09-May-2024 21:15:31.332 SEVERE [http-nio-8080-exec-6] org.glassfish.jersey.internal.Errors.logErrors Following issues have been detected: 
WARNING: A resource model has ambiguous (sub-)resource method for HTTP method GET and input mime-types as defined by"@Consumes" and "@Produces" annotations at Java methods public jakarta.ws.rs.core.Response apirest.ServiceRESTEquipos.getAll() and public jakarta.ws.rs.core.Response apirest.ServiceRESTJugadores.getAll() at matching regular expression /equipos. These two methods produces and consumes exactly the same mime-types and therefore their invocation as a resource methods will always fail.
WARNING: A resource model has ambiguous (sub-)resource method for HTTP method GET and input mime-types as defined by"@Consumes" and "@Produces" annotations at Java methods public jakarta.ws.rs.core.Response apirest.ServiceRESTEquipos.getAll() and public jakarta.ws.rs.core.Response apirest.ServiceRESTPartidos.getAll() at matching regular expression /equipos. These two methods produces and consumes exactly the same mime-types and therefore their invocation as a resource methods will always fail.
WARNING: A resource model has ambiguous (sub-)resource method for HTTP method GET and input mime-types as defined by"@Consumes" and "@Produces" annotations at Java methods public jakarta.ws.rs.core.Response apirest.ServiceRESTJugadores.getAll() and public jakarta.ws.rs.core.Response apirest.ServiceRESTPartidos.getAll() at matching regular expression /equipos. These two methods produces and consumes exactly the same mime-types and therefore their invocation as a resource methods will always fail.
WARNING: A resource model has ambiguous (sub-)resource method for HTTP method GET and input mime-types as defined by"@Consumes" and "@Produces" annotations at Java methods public jakarta.ws.rs.core.Response apirest.ServiceRESTEquipos.getOne(java.lang.String) and public jakarta.ws.rs.core.Response apirest.ServiceRESTJugadores.getOne(java.lang.String) at matching regular expression /([^/]+). These two methods produces and consumes exactly the same mime-types and therefore their invocation as a resource methods will always fail.
WARNING: A resource model has ambiguous (sub-)resource method for HTTP method GET and input mime-types as defined by"@Consumes" and "@Produces" annotations at Java methods public jakarta.ws.rs.core.Response apirest.ServiceRESTEquipos.getOne(java.lang.String) and public jakarta.ws.rs.core.Response apirest.ServiceRESTPartidos.getOne(java.lang.String) at matching regular expression /([^/]+). These two methods produces and consumes exactly the same mime-types and therefore their invocation as a resource methods will always fail.
WARNING: A resource model has ambiguous (sub-)resource method for HTTP method GET and input mime-types as defined by"@Consumes" and "@Produces" annotations at Java methods public jakarta.ws.rs.core.Response apirest.ServiceRESTJugadores.getOne(java.lang.String) and public jakarta.ws.rs.core.Response apirest.ServiceRESTPartidos.getOne(java.lang.String) at matching regular expression /([^/]+). These two methods produces and consumes exactly the same mime-types and therefore their invocation as a resource methods will always fail.
HINT: Cannot create new registration for component type class org.glassfish.jersey.jsonb.internal.JsonBindingProvider: Existing previous registration found for the type.

09-May-2024 21:15:31.339 INFO [http-nio-8080-exec-6] org.apache.catalina.startup.HostConfig.deployDescriptor Deployment of deployment descriptor [C:\SERVIDORES\apache-tomcat-10.1.23\conf\Catalina\localhost\bdinfonba.xml] has finished in [4.042] ms
09-May-2024 21:15:31.344 INFO [http-nio-8080-exec-9] org.apache.catalina.util.LifecycleBase.start The start() method was called on component [StandardEngine[Catalina].StandardHost[localhost].StandardContext[/bdinfonba]] after start() had already been called. The second call will be ignored.
09-May-2024 21:20:06.125 INFO [http-nio-8080-exec-1] org.apache.catalina.core.StandardContext.reload Ha comenzado la recarga de Contexto [/bdinfonba]
09-May-2024 21:20:08.097 INFO [http-nio-8080-exec-1] org.apache.jasper.servlet.TldScanner.scanJars Al menos un JAR, que se ha explorado buscando TLDs, aún no contenía TLDs. Activar historial de depuración para este historiador para una completa lista de los JARs que fueron explorados y de los que nos se halló TLDs. Saltarse JARs no necesarios durante la exploración puede dar lugar a una mejora de tiempo significativa en el arranque y compilación de JSP .
09-May-2024 21:20:09.640 SEVERE [http-nio-8080-exec-1] org.glassfish.jersey.internal.Errors.logErrors Following issues have been detected: 
WARNING: A resource model has ambiguous (sub-)resource method for HTTP method GET and input mime-types as defined by"@Consumes" and "@Produces" annotations at Java methods public jakarta.ws.rs.core.Response apirest.ServiceRESTPartidos.getAll() and public jakarta.ws.rs.core.Response apirest.ServiceRESTJugadores.getAll() at matching regular expression /equipos. These two methods produces and consumes exactly the same mime-types and therefore their invocation as a resource methods will always fail.
WARNING: A resource model has ambiguous (sub-)resource method for HTTP method GET and input mime-types as defined by"@Consumes" and "@Produces" annotations at Java methods public jakarta.ws.rs.core.Response apirest.ServiceRESTPartidos.getAll() and public jakarta.ws.rs.core.Response apirest.ServiceRESTEquipos.getAll() at matching regular expression /equipos. These two methods produces and consumes exactly the same mime-types and therefore their invocation as a resource methods will always fail.
WARNING: A resource model has ambiguous (sub-)resource method for HTTP method GET and input mime-types as defined by"@Consumes" and "@Produces" annotations at Java methods public jakarta.ws.rs.core.Response apirest.ServiceRESTJugadores.getAll() and public jakarta.ws.rs.core.Response apirest.ServiceRESTEquipos.getAll() at matching regular expression /equipos. These two methods produces and consumes exactly the same mime-types and therefore their invocation as a resource methods will always fail.
WARNING: A resource model has ambiguous (sub-)resource method for HTTP method GET and input mime-types as defined by"@Consumes" and "@Produces" annotations at Java methods public jakarta.ws.rs.core.Response apirest.ServiceRESTPartidos.getOne(java.lang.String) and public jakarta.ws.rs.core.Response apirest.ServiceRESTJugadores.getOne(java.lang.String) at matching regular expression /([^/]+). These two methods produces and consumes exactly the same mime-types and therefore their invocation as a resource methods will always fail.
WARNING: A resource model has ambiguous (sub-)resource method for HTTP method GET and input mime-types as defined by"@Consumes" and "@Produces" annotations at Java methods public jakarta.ws.rs.core.Response apirest.ServiceRESTPartidos.getOne(java.lang.String) and public jakarta.ws.rs.core.Response apirest.ServiceRESTEquipos.getOne(java.lang.String) at matching regular expression /([^/]+). These two methods produces and consumes exactly the same mime-types and therefore their invocation as a resource methods will always fail.
WARNING: A resource model has ambiguous (sub-)resource method for HTTP method GET and input mime-types as defined by"@Consumes" and "@Produces" annotations at Java methods public jakarta.ws.rs.core.Response apirest.ServiceRESTJugadores.getOne(java.lang.String) and public jakarta.ws.rs.core.Response apirest.ServiceRESTEquipos.getOne(java.lang.String) at matching regular expression /([^/]+). These two methods produces and consumes exactly the same mime-types and therefore their invocation as a resource methods will always fail.
HINT: Cannot create new registration for component type class org.glassfish.jersey.jsonb.internal.JsonBindingProvider: Existing previous registration found for the type.

09-May-2024 21:20:09.647 INFO [http-nio-8080-exec-1] org.apache.catalina.core.StandardContext.reload Se ha completado la recarga de este Contexto
09-May-2024 21:20:31.490 INFO [http-nio-8080-exec-6] org.apache.catalina.core.StandardContext.reload Ha comenzado la recarga de Contexto [/bdinfonba]
09-May-2024 21:20:33.245 INFO [http-nio-8080-exec-6] org.apache.jasper.servlet.TldScanner.scanJars Al menos un JAR, que se ha explorado buscando TLDs, aún no contenía TLDs. Activar historial de depuración para este historiador para una completa lista de los JARs que fueron explorados y de los que nos se halló TLDs. Saltarse JARs no necesarios durante la exploración puede dar lugar a una mejora de tiempo significativa en el arranque y compilación de JSP .
09-May-2024 21:20:34.675 SEVERE [http-nio-8080-exec-6] org.glassfish.jersey.internal.Errors.logErrors Following issues have been detected: 
WARNING: A resource model has ambiguous (sub-)resource method for HTTP method GET and input mime-types as defined by"@Consumes" and "@Produces" annotations at Java methods public jakarta.ws.rs.core.Response apirest.ServiceRESTPartidos.getAll() and public jakarta.ws.rs.core.Response apirest.ServiceRESTJugadores.getAll() at matching regular expression /equipos. These two methods produces and consumes exactly the same mime-types and therefore their invocation as a resource methods will always fail.
WARNING: A resource model has ambiguous (sub-)resource method for HTTP method GET and input mime-types as defined by"@Consumes" and "@Produces" annotations at Java methods public jakarta.ws.rs.core.Response apirest.ServiceRESTPartidos.getAll() and public jakarta.ws.rs.core.Response apirest.ServiceRESTEquipos.getAll() at matching regular expression /equipos. These two methods produces and consumes exactly the same mime-types and therefore their invocation as a resource methods will always fail.
WARNING: A resource model has ambiguous (sub-)resource method for HTTP method GET and input mime-types as defined by"@Consumes" and "@Produces" annotations at Java methods public jakarta.ws.rs.core.Response apirest.ServiceRESTJugadores.getAll() and public jakarta.ws.rs.core.Response apirest.ServiceRESTEquipos.getAll() at matching regular expression /equipos. These two methods produces and consumes exactly the same mime-types and therefore their invocation as a resource methods will always fail.
WARNING: A resource model has ambiguous (sub-)resource method for HTTP method GET and input mime-types as defined by"@Consumes" and "@Produces" annotations at Java methods public jakarta.ws.rs.core.Response apirest.ServiceRESTPartidos.getOne(java.lang.String) and public jakarta.ws.rs.core.Response apirest.ServiceRESTJugadores.getOne(java.lang.String) at matching regular expression /([^/]+). These two methods produces and consumes exactly the same mime-types and therefore their invocation as a resource methods will always fail.
WARNING: A resource model has ambiguous (sub-)resource method for HTTP method GET and input mime-types as defined by"@Consumes" and "@Produces" annotations at Java methods public jakarta.ws.rs.core.Response apirest.ServiceRESTPartidos.getOne(java.lang.String) and public jakarta.ws.rs.core.Response apirest.ServiceRESTEquipos.getOne(java.lang.String) at matching regular expression /([^/]+). These two methods produces and consumes exactly the same mime-types and therefore their invocation as a resource methods will always fail.
WARNING: A resource model has ambiguous (sub-)resource method for HTTP method GET and input mime-types as defined by"@Consumes" and "@Produces" annotations at Java methods public jakarta.ws.rs.core.Response apirest.ServiceRESTJugadores.getOne(java.lang.String) and public jakarta.ws.rs.core.Response apirest.ServiceRESTEquipos.getOne(java.lang.String) at matching regular expression /([^/]+). These two methods produces and consumes exactly the same mime-types and therefore their invocation as a resource methods will always fail.
HINT: Cannot create new registration for component type class org.glassfish.jersey.jsonb.internal.JsonBindingProvider: Existing previous registration found for the type.

09-May-2024 21:20:34.680 INFO [http-nio-8080-exec-6] org.apache.catalina.core.StandardContext.reload Se ha completado la recarga de este Contexto
09-May-2024 21:21:07.961 INFO [http-nio-8080-exec-3] org.apache.catalina.core.StandardContext.reload Ha comenzado la recarga de Contexto [/bdinfonba]
09-May-2024 21:21:09.744 INFO [http-nio-8080-exec-3] org.apache.jasper.servlet.TldScanner.scanJars Al menos un JAR, que se ha explorado buscando TLDs, aún no contenía TLDs. Activar historial de depuración para este historiador para una completa lista de los JARs que fueron explorados y de los que nos se halló TLDs. Saltarse JARs no necesarios durante la exploración puede dar lugar a una mejora de tiempo significativa en el arranque y compilación de JSP .
09-May-2024 21:21:11.078 SEVERE [http-nio-8080-exec-3] org.glassfish.jersey.internal.Errors.logErrors Following issues have been detected: 
WARNING: A resource model has ambiguous (sub-)resource method for HTTP method GET and input mime-types as defined by"@Consumes" and "@Produces" annotations at Java methods public jakarta.ws.rs.core.Response apirest.ServiceRESTPartidos.getAll() and public jakarta.ws.rs.core.Response apirest.ServiceRESTEquipos.getAll() at matching regular expression /equipos. These two methods produces and consumes exactly the same mime-types and therefore their invocation as a resource methods will always fail.
WARNING: A resource model has ambiguous (sub-)resource method for HTTP method GET and input mime-types as defined by"@Consumes" and "@Produces" annotations at Java methods public jakarta.ws.rs.core.Response apirest.ServiceRESTPartidos.getAll() and public jakarta.ws.rs.core.Response apirest.ServiceRESTJugadores.getAll() at matching regular expression /equipos. These two methods produces and consumes exactly the same mime-types and therefore their invocation as a resource methods will always fail.
WARNING: A resource model has ambiguous (sub-)resource method for HTTP method GET and input mime-types as defined by"@Consumes" and "@Produces" annotations at Java methods public jakarta.ws.rs.core.Response apirest.ServiceRESTEquipos.getAll() and public jakarta.ws.rs.core.Response apirest.ServiceRESTJugadores.getAll() at matching regular expression /equipos. These two methods produces and consumes exactly the same mime-types and therefore their invocation as a resource methods will always fail.
WARNING: A resource model has ambiguous (sub-)resource method for HTTP method GET and input mime-types as defined by"@Consumes" and "@Produces" annotations at Java methods public jakarta.ws.rs.core.Response apirest.ServiceRESTPartidos.getOne(java.lang.String) and public jakarta.ws.rs.core.Response apirest.ServiceRESTEquipos.getOne(java.lang.String) at matching regular expression /([^/]+). These two methods produces and consumes exactly the same mime-types and therefore their invocation as a resource methods will always fail.
WARNING: A resource model has ambiguous (sub-)resource method for HTTP method GET and input mime-types as defined by"@Consumes" and "@Produces" annotations at Java methods public jakarta.ws.rs.core.Response apirest.ServiceRESTPartidos.getOne(java.lang.String) and public jakarta.ws.rs.core.Response apirest.ServiceRESTJugadores.getOne(java.lang.String) at matching regular expression /([^/]+). These two methods produces and consumes exactly the same mime-types and therefore their invocation as a resource methods will always fail.
WARNING: A resource model has ambiguous (sub-)resource method for HTTP method GET and input mime-types as defined by"@Consumes" and "@Produces" annotations at Java methods public jakarta.ws.rs.core.Response apirest.ServiceRESTEquipos.getOne(java.lang.String) and public jakarta.ws.rs.core.Response apirest.ServiceRESTJugadores.getOne(java.lang.String) at matching regular expression /([^/]+). These two methods produces and consumes exactly the same mime-types and therefore their invocation as a resource methods will always fail.
HINT: Cannot create new registration for component type class org.glassfish.jersey.jsonb.internal.JsonBindingProvider: Existing previous registration found for the type.

09-May-2024 21:21:11.084 INFO [http-nio-8080-exec-3] org.apache.catalina.core.StandardContext.reload Se ha completado la recarga de este Contexto
09-May-2024 21:22:10.302 INFO [main] org.apache.catalina.core.StandardServer.await Se ha recibido un comando de apagado a través del puerto de apagado. Parando la instancia del Servidor.
09-May-2024 21:22:10.302 INFO [main] org.apache.coyote.AbstractProtocol.pause Pausing ProtocolHandler ["http-nio-8080"]
09-May-2024 21:22:10.310 INFO [main] org.apache.catalina.core.StandardService.stopInternal Parando servicio [Catalina]
09-May-2024 21:22:10.319 INFO [main] org.apache.coyote.AbstractProtocol.stop Stopping ProtocolHandler ["http-nio-8080"]
09-May-2024 21:22:10.322 INFO [main] org.apache.coyote.AbstractProtocol.destroy Destroying ProtocolHandler ["http-nio-8080"]
09-May-2024 21:22:13.344 INFO [main] org.apache.catalina.startup.VersionLoggerListener.log Nombre de la versión del servidor: Apache Tomcat/10.1.23
09-May-2024 21:22:13.349 INFO [main] org.apache.catalina.startup.VersionLoggerListener.log Server built:                      Apr 16 2024 12:17:18 UTC
09-May-2024 21:22:13.349 INFO [main] org.apache.catalina.startup.VersionLoggerListener.log Número de versión de servidor:     10.1.23.0
09-May-2024 21:22:13.349 INFO [main] org.apache.catalina.startup.VersionLoggerListener.log OS Name:                           Windows 11
09-May-2024 21:22:13.349 INFO [main] org.apache.catalina.startup.VersionLoggerListener.log Versión de Systema Operativo:      10.0
09-May-2024 21:22:13.350 INFO [main] org.apache.catalina.startup.VersionLoggerListener.log Arquitectura:                      amd64
09-May-2024 21:22:13.350 INFO [main] org.apache.catalina.startup.VersionLoggerListener.log Java Home:                         C:\Program Files\Java\jdk-17
09-May-2024 21:22:13.350 INFO [main] org.apache.catalina.startup.VersionLoggerListener.log JVM Version:                       17.0.8+9-LTS-211
09-May-2024 21:22:13.350 INFO [main] org.apache.catalina.startup.VersionLoggerListener.log Vededor JVM:                       Oracle Corporation
09-May-2024 21:22:13.350 INFO [main] org.apache.catalina.startup.VersionLoggerListener.log CATALINA_BASE:                     C:\SERVIDORES\apache-tomcat-10.1.23
09-May-2024 21:22:13.350 INFO [main] org.apache.catalina.startup.VersionLoggerListener.log CATALINA_HOME:                     C:\SERVIDORES\apache-tomcat-10.1.23
09-May-2024 21:22:13.363 INFO [main] org.apache.catalina.startup.VersionLoggerListener.log Command line argument:             -Djava.util.logging.config.file=C:\SERVIDORES\apache-tomcat-10.1.23\conf\logging.properties
09-May-2024 21:22:13.363 INFO [main] org.apache.catalina.startup.VersionLoggerListener.log Command line argument:             -Djava.util.logging.manager=org.apache.juli.ClassLoaderLogManager
09-May-2024 21:22:13.363 INFO [main] org.apache.catalina.startup.VersionLoggerListener.log Command line argument:             -Djdk.tls.ephemeralDHKeySize=2048
09-May-2024 21:22:13.363 INFO [main] org.apache.catalina.startup.VersionLoggerListener.log Command line argument:             -Djava.protocol.handler.pkgs=org.apache.catalina.webresources
09-May-2024 21:22:13.363 INFO [main] org.apache.catalina.startup.VersionLoggerListener.log Command line argument:             --add-opens=java.base/java.lang=ALL-UNNAMED
09-May-2024 21:22:13.363 INFO [main] org.apache.catalina.startup.VersionLoggerListener.log Command line argument:             --add-opens=java.base/java.io=ALL-UNNAMED
09-May-2024 21:22:13.363 INFO [main] org.apache.catalina.startup.VersionLoggerListener.log Command line argument:             --add-opens=java.base/java.util=ALL-UNNAMED
09-May-2024 21:22:13.364 INFO [main] org.apache.catalina.startup.VersionLoggerListener.log Command line argument:             --add-opens=java.base/java.util.concurrent=ALL-UNNAMED
09-May-2024 21:22:13.364 INFO [main] org.apache.catalina.startup.VersionLoggerListener.log Command line argument:             --add-opens=java.rmi/sun.rmi.transport=ALL-UNNAMED
09-May-2024 21:22:13.364 INFO [main] org.apache.catalina.startup.VersionLoggerListener.log Command line argument:             -Dcatalina.base=C:\SERVIDORES\apache-tomcat-10.1.23
09-May-2024 21:22:13.364 INFO [main] org.apache.catalina.startup.VersionLoggerListener.log Command line argument:             -Dcatalina.home=C:\SERVIDORES\apache-tomcat-10.1.23
09-May-2024 21:22:13.364 INFO [main] org.apache.catalina.startup.VersionLoggerListener.log Command line argument:             -Djava.io.tmpdir=C:\SERVIDORES\apache-tomcat-10.1.23\temp
09-May-2024 21:22:13.440 INFO [main] org.apache.catalina.core.AprLifecycleListener.lifecycleEvent Cargada la biblioteca nativa APR de Apache Tomcat [2.0.7] con la versión APR [1.7.4].
09-May-2024 21:22:13.444 INFO [main] org.apache.catalina.core.AprLifecycleListener.initializeSSL OpenSSL inicializado correctamente [OpenSSL 3.0.13 30 Jan 2024]
09-May-2024 21:22:13.649 INFO [main] org.apache.coyote.AbstractProtocol.init Inicializando el manejador de protocolo ["http-nio-8080"]

09-May-2024 21:22:13.670 INFO [main] org.apache.catalina.startup.Catalina.load Server initialization in [478] milliseconds
09-May-2024 21:22:13.713 INFO [main] org.apache.catalina.core.StandardService.startInternal Arrancando servicio [Catalina]
09-May-2024 21:22:13.713 INFO [main] org.apache.catalina.core.StandardEngine.startInternal Starting Servlet engine: [Apache Tomcat/10.1.23]
09-May-2024 21:22:13.722 INFO [main] org.apache.catalina.startup.HostConfig.deployDescriptor Desplieque del descriptor de configuración [C:\SERVIDORES\apache-tomcat-10.1.23\conf\Catalina\localhost\bdinfonba.xml]
09-May-2024 21:22:13.740 WARNING [main] org.apache.catalina.startup.HostConfig.deployDescriptor The path attribute with value [/bdinfonba] in deployment descriptor [C:\SERVIDORES\apache-tomcat-10.1.23\conf\Catalina\localhost\bdinfonba.xml] has been ignored
09-May-2024 21:22:15.866 INFO [main] org.apache.jasper.servlet.TldScanner.scanJars Al menos un JAR, que se ha explorado buscando TLDs, aún no contenía TLDs. Activar historial de depuración para este historiador para una completa lista de los JARs que fueron explorados y de los que nos se halló TLDs. Saltarse JARs no necesarios durante la exploración puede dar lugar a una mejora de tiempo significativa en el arranque y compilación de JSP .
09-May-2024 21:22:17.488 SEVERE [main] org.glassfish.jersey.internal.Errors.logErrors Following issues have been detected: 
WARNING: A resource model has ambiguous (sub-)resource method for HTTP method GET and input mime-types as defined by"@Consumes" and "@Produces" annotations at Java methods public jakarta.ws.rs.core.Response apirest.ServiceRESTJugadores.getAll() and public jakarta.ws.rs.core.Response apirest.ServiceRESTPartidos.getAll() at matching regular expression /equipos. These two methods produces and consumes exactly the same mime-types and therefore their invocation as a resource methods will always fail.
WARNING: A resource model has ambiguous (sub-)resource method for HTTP method GET and input mime-types as defined by"@Consumes" and "@Produces" annotations at Java methods public jakarta.ws.rs.core.Response apirest.ServiceRESTJugadores.getAll() and public jakarta.ws.rs.core.Response apirest.ServiceRESTEquipos.getAll() at matching regular expression /equipos. These two methods produces and consumes exactly the same mime-types and therefore their invocation as a resource methods will always fail.
WARNING: A resource model has ambiguous (sub-)resource method for HTTP method GET and input mime-types as defined by"@Consumes" and "@Produces" annotations at Java methods public jakarta.ws.rs.core.Response apirest.ServiceRESTPartidos.getAll() and public jakarta.ws.rs.core.Response apirest.ServiceRESTEquipos.getAll() at matching regular expression /equipos. These two methods produces and consumes exactly the same mime-types and therefore their invocation as a resource methods will always fail.
WARNING: A resource model has ambiguous (sub-)resource method for HTTP method GET and input mime-types as defined by"@Consumes" and "@Produces" annotations at Java methods public jakarta.ws.rs.core.Response apirest.ServiceRESTJugadores.getOne(java.lang.String) and public jakarta.ws.rs.core.Response apirest.ServiceRESTPartidos.getOne(java.lang.String) at matching regular expression /([^/]+). These two methods produces and consumes exactly the same mime-types and therefore their invocation as a resource methods will always fail.
WARNING: A resource model has ambiguous (sub-)resource method for HTTP method GET and input mime-types as defined by"@Consumes" and "@Produces" annotations at Java methods public jakarta.ws.rs.core.Response apirest.ServiceRESTJugadores.getOne(java.lang.String) and public jakarta.ws.rs.core.Response apirest.ServiceRESTEquipos.getOne(java.lang.String) at matching regular expression /([^/]+). These two methods produces and consumes exactly the same mime-types and therefore their invocation as a resource methods will always fail.
WARNING: A resource model has ambiguous (sub-)resource method for HTTP method GET and input mime-types as defined by"@Consumes" and "@Produces" annotations at Java methods public jakarta.ws.rs.core.Response apirest.ServiceRESTPartidos.getOne(java.lang.String) and public jakarta.ws.rs.core.Response apirest.ServiceRESTEquipos.getOne(java.lang.String) at matching regular expression /([^/]+). These two methods produces and consumes exactly the same mime-types and therefore their invocation as a resource methods will always fail.
HINT: Cannot create new registration for component type class org.glassfish.jersey.jsonb.internal.JsonBindingProvider: Existing previous registration found for the type.

09-May-2024 21:22:17.502 INFO [main] org.apache.catalina.startup.HostConfig.deployDescriptor Deployment of deployment descriptor [C:\SERVIDORES\apache-tomcat-10.1.23\conf\Catalina\localhost\bdinfonba.xml] has finished in [3.778] ms
09-May-2024 21:22:17.502 INFO [main] org.apache.catalina.startup.HostConfig.deployDirectory Desplegando el directorio [C:\SERVIDORES\apache-tomcat-10.1.23\webapps\docs] de la aplicación web
09-May-2024 21:22:17.528 INFO [main] org.apache.catalina.startup.HostConfig.deployDirectory Deployment of web application directory [C:\SERVIDORES\apache-tomcat-10.1.23\webapps\docs] has finished in [25] ms
09-May-2024 21:22:17.528 INFO [main] org.apache.catalina.startup.HostConfig.deployDirectory Desplegando el directorio [C:\SERVIDORES\apache-tomcat-10.1.23\webapps\examples] de la aplicación web
09-May-2024 21:22:18.057 INFO [main] org.apache.catalina.startup.HostConfig.deployDirectory Deployment of web application directory [C:\SERVIDORES\apache-tomcat-10.1.23\webapps\examples] has finished in [529] ms
09-May-2024 21:22:18.057 INFO [main] org.apache.catalina.startup.HostConfig.deployDirectory Desplegando el directorio [C:\SERVIDORES\apache-tomcat-10.1.23\webapps\host-manager] de la aplicación web
09-May-2024 21:22:18.097 INFO [main] org.apache.catalina.startup.HostConfig.deployDirectory Deployment of web application directory [C:\SERVIDORES\apache-tomcat-10.1.23\webapps\host-manager] has finished in [40] ms
09-May-2024 21:22:18.097 INFO [main] org.apache.catalina.startup.HostConfig.deployDirectory Desplegando el directorio [C:\SERVIDORES\apache-tomcat-10.1.23\webapps\manager] de la aplicación web
09-May-2024 21:22:18.127 INFO [main] org.apache.catalina.startup.HostConfig.deployDirectory Deployment of web application directory [C:\SERVIDORES\apache-tomcat-10.1.23\webapps\manager] has finished in [29] ms
09-May-2024 21:22:18.127 INFO [main] org.apache.catalina.startup.HostConfig.deployDirectory Desplegando el directorio [C:\SERVIDORES\apache-tomcat-10.1.23\webapps\ROOT] de la aplicación web
09-May-2024 21:22:18.142 INFO [main] org.apache.catalina.startup.HostConfig.deployDirectory Deployment of web application directory [C:\SERVIDORES\apache-tomcat-10.1.23\webapps\ROOT] has finished in [15] ms
09-May-2024 21:22:18.147 INFO [main] org.apache.coyote.AbstractProtocol.start Starting ProtocolHandler ["http-nio-8080"]
09-May-2024 21:22:18.180 INFO [main] org.apache.catalina.startup.Catalina.start Server startup in [4511] milliseconds
09-May-2024 21:22:25.565 INFO [main] org.apache.catalina.core.StandardServer.await Se ha recibido un comando de apagado a través del puerto de apagado. Parando la instancia del Servidor.
09-May-2024 21:22:25.565 INFO [main] org.apache.coyote.AbstractProtocol.pause Pausing ProtocolHandler ["http-nio-8080"]
09-May-2024 21:22:25.573 INFO [main] org.apache.catalina.core.StandardService.stopInternal Parando servicio [Catalina]
09-May-2024 21:22:25.591 INFO [main] org.apache.coyote.AbstractProtocol.stop Stopping ProtocolHandler ["http-nio-8080"]
09-May-2024 21:22:25.607 INFO [main] org.apache.coyote.AbstractProtocol.destroy Destroying ProtocolHandler ["http-nio-8080"]
09-May-2024 21:22:33.322 INFO [main] org.apache.catalina.startup.VersionLoggerListener.log Nombre de la versión del servidor: Apache Tomcat/10.1.23
09-May-2024 21:22:33.326 INFO [main] org.apache.catalina.startup.VersionLoggerListener.log Server built:                      Apr 16 2024 12:17:18 UTC
09-May-2024 21:22:33.326 INFO [main] org.apache.catalina.startup.VersionLoggerListener.log Número de versión de servidor:     10.1.23.0
09-May-2024 21:22:33.326 INFO [main] org.apache.catalina.startup.VersionLoggerListener.log OS Name:                           Windows 11
09-May-2024 21:22:33.326 INFO [main] org.apache.catalina.startup.VersionLoggerListener.log Versión de Systema Operativo:      10.0
09-May-2024 21:22:33.326 INFO [main] org.apache.catalina.startup.VersionLoggerListener.log Arquitectura:                      amd64
09-May-2024 21:22:33.326 INFO [main] org.apache.catalina.startup.VersionLoggerListener.log Java Home:                         C:\Program Files\Java\jdk-17
09-May-2024 21:22:33.326 INFO [main] org.apache.catalina.startup.VersionLoggerListener.log JVM Version:                       17.0.8+9-LTS-211
09-May-2024 21:22:33.327 INFO [main] org.apache.catalina.startup.VersionLoggerListener.log Vededor JVM:                       Oracle Corporation
09-May-2024 21:22:33.327 INFO [main] org.apache.catalina.startup.VersionLoggerListener.log CATALINA_BASE:                     C:\SERVIDORES\apache-tomcat-10.1.23
09-May-2024 21:22:33.327 INFO [main] org.apache.catalina.startup.VersionLoggerListener.log CATALINA_HOME:                     C:\SERVIDORES\apache-tomcat-10.1.23
09-May-2024 21:22:33.335 INFO [main] org.apache.catalina.startup.VersionLoggerListener.log Command line argument:             -Djava.util.logging.config.file=C:\SERVIDORES\apache-tomcat-10.1.23\conf\logging.properties
09-May-2024 21:22:33.335 INFO [main] org.apache.catalina.startup.VersionLoggerListener.log Command line argument:             -Djava.util.logging.manager=org.apache.juli.ClassLoaderLogManager
09-May-2024 21:22:33.335 INFO [main] org.apache.catalina.startup.VersionLoggerListener.log Command line argument:             -Djdk.tls.ephemeralDHKeySize=2048
09-May-2024 21:22:33.335 INFO [main] org.apache.catalina.startup.VersionLoggerListener.log Command line argument:             -Djava.protocol.handler.pkgs=org.apache.catalina.webresources
09-May-2024 21:22:33.335 INFO [main] org.apache.catalina.startup.VersionLoggerListener.log Command line argument:             --add-opens=java.base/java.lang=ALL-UNNAMED
09-May-2024 21:22:33.335 INFO [main] org.apache.catalina.startup.VersionLoggerListener.log Command line argument:             --add-opens=java.base/java.io=ALL-UNNAMED
09-May-2024 21:22:33.335 INFO [main] org.apache.catalina.startup.VersionLoggerListener.log Command line argument:             --add-opens=java.base/java.util=ALL-UNNAMED
09-May-2024 21:22:33.335 INFO [main] org.apache.catalina.startup.VersionLoggerListener.log Command line argument:             --add-opens=java.base/java.util.concurrent=ALL-UNNAMED
09-May-2024 21:22:33.335 INFO [main] org.apache.catalina.startup.VersionLoggerListener.log Command line argument:             --add-opens=java.rmi/sun.rmi.transport=ALL-UNNAMED
09-May-2024 21:22:33.335 INFO [main] org.apache.catalina.startup.VersionLoggerListener.log Command line argument:             -Dcatalina.base=C:\SERVIDORES\apache-tomcat-10.1.23
09-May-2024 21:22:33.335 INFO [main] org.apache.catalina.startup.VersionLoggerListener.log Command line argument:             -Dcatalina.home=C:\SERVIDORES\apache-tomcat-10.1.23
09-May-2024 21:22:33.335 INFO [main] org.apache.catalina.startup.VersionLoggerListener.log Command line argument:             -Djava.io.tmpdir=C:\SERVIDORES\apache-tomcat-10.1.23\temp
09-May-2024 21:22:33.337 INFO [main] org.apache.catalina.core.AprLifecycleListener.lifecycleEvent Cargada la biblioteca nativa APR de Apache Tomcat [2.0.7] con la versión APR [1.7.4].
09-May-2024 21:22:33.342 INFO [main] org.apache.catalina.core.AprLifecycleListener.initializeSSL OpenSSL inicializado correctamente [OpenSSL 3.0.13 30 Jan 2024]
09-May-2024 21:22:33.592 INFO [main] org.apache.coyote.AbstractProtocol.init Inicializando el manejador de protocolo ["http-nio-8080"]

09-May-2024 21:22:33.612 INFO [main] org.apache.catalina.startup.Catalina.load Server initialization in [439] milliseconds
09-May-2024 21:22:33.654 INFO [main] org.apache.catalina.core.StandardService.startInternal Arrancando servicio [Catalina]
09-May-2024 21:22:33.654 INFO [main] org.apache.catalina.core.StandardEngine.startInternal Starting Servlet engine: [Apache Tomcat/10.1.23]
09-May-2024 21:22:33.662 INFO [main] org.apache.catalina.startup.HostConfig.deployDescriptor Desplieque del descriptor de configuración [C:\SERVIDORES\apache-tomcat-10.1.23\conf\Catalina\localhost\bdinfonba.xml]
09-May-2024 21:22:33.677 WARNING [main] org.apache.catalina.startup.HostConfig.deployDescriptor The path attribute with value [/bdinfonba] in deployment descriptor [C:\SERVIDORES\apache-tomcat-10.1.23\conf\Catalina\localhost\bdinfonba.xml] has been ignored
09-May-2024 21:22:35.765 INFO [main] org.apache.jasper.servlet.TldScanner.scanJars Al menos un JAR, que se ha explorado buscando TLDs, aún no contenía TLDs. Activar historial de depuración para este historiador para una completa lista de los JARs que fueron explorados y de los que nos se halló TLDs. Saltarse JARs no necesarios durante la exploración puede dar lugar a una mejora de tiempo significativa en el arranque y compilación de JSP .
09-May-2024 21:22:37.344 SEVERE [main] org.glassfish.jersey.internal.Errors.logErrors Following issues have been detected: 
WARNING: A resource model has ambiguous (sub-)resource method for HTTP method GET and input mime-types as defined by"@Consumes" and "@Produces" annotations at Java methods public jakarta.ws.rs.core.Response apirest.ServiceRESTJugadores.getAll() and public jakarta.ws.rs.core.Response apirest.ServiceRESTPartidos.getAll() at matching regular expression /equipos. These two methods produces and consumes exactly the same mime-types and therefore their invocation as a resource methods will always fail.
WARNING: A resource model has ambiguous (sub-)resource method for HTTP method GET and input mime-types as defined by"@Consumes" and "@Produces" annotations at Java methods public jakarta.ws.rs.core.Response apirest.ServiceRESTJugadores.getAll() and public jakarta.ws.rs.core.Response apirest.ServiceRESTEquipos.getAll() at matching regular expression /equipos. These two methods produces and consumes exactly the same mime-types and therefore their invocation as a resource methods will always fail.
WARNING: A resource model has ambiguous (sub-)resource method for HTTP method GET and input mime-types as defined by"@Consumes" and "@Produces" annotations at Java methods public jakarta.ws.rs.core.Response apirest.ServiceRESTPartidos.getAll() and public jakarta.ws.rs.core.Response apirest.ServiceRESTEquipos.getAll() at matching regular expression /equipos. These two methods produces and consumes exactly the same mime-types and therefore their invocation as a resource methods will always fail.
WARNING: A resource model has ambiguous (sub-)resource method for HTTP method GET and input mime-types as defined by"@Consumes" and "@Produces" annotations at Java methods public jakarta.ws.rs.core.Response apirest.ServiceRESTJugadores.getOne(java.lang.String) and public jakarta.ws.rs.core.Response apirest.ServiceRESTPartidos.getOne(java.lang.String) at matching regular expression /([^/]+). These two methods produces and consumes exactly the same mime-types and therefore their invocation as a resource methods will always fail.
WARNING: A resource model has ambiguous (sub-)resource method for HTTP method GET and input mime-types as defined by"@Consumes" and "@Produces" annotations at Java methods public jakarta.ws.rs.core.Response apirest.ServiceRESTJugadores.getOne(java.lang.String) and public jakarta.ws.rs.core.Response apirest.ServiceRESTEquipos.getOne(java.lang.String) at matching regular expression /([^/]+). These two methods produces and consumes exactly the same mime-types and therefore their invocation as a resource methods will always fail.
WARNING: A resource model has ambiguous (sub-)resource method for HTTP method GET and input mime-types as defined by"@Consumes" and "@Produces" annotations at Java methods public jakarta.ws.rs.core.Response apirest.ServiceRESTPartidos.getOne(java.lang.String) and public jakarta.ws.rs.core.Response apirest.ServiceRESTEquipos.getOne(java.lang.String) at matching regular expression /([^/]+). These two methods produces and consumes exactly the same mime-types and therefore their invocation as a resource methods will always fail.
HINT: Cannot create new registration for component type class org.glassfish.jersey.jsonb.internal.JsonBindingProvider: Existing previous registration found for the type.

09-May-2024 21:22:37.356 INFO [main] org.apache.catalina.startup.HostConfig.deployDescriptor Deployment of deployment descriptor [C:\SERVIDORES\apache-tomcat-10.1.23\conf\Catalina\localhost\bdinfonba.xml] has finished in [3.692] ms
09-May-2024 21:22:37.356 INFO [main] org.apache.catalina.startup.HostConfig.deployDirectory Desplegando el directorio [C:\SERVIDORES\apache-tomcat-10.1.23\webapps\docs] de la aplicación web
09-May-2024 21:22:37.377 INFO [main] org.apache.catalina.startup.HostConfig.deployDirectory Deployment of web application directory [C:\SERVIDORES\apache-tomcat-10.1.23\webapps\docs] has finished in [21] ms
09-May-2024 21:22:37.377 INFO [main] org.apache.catalina.startup.HostConfig.deployDirectory Desplegando el directorio [C:\SERVIDORES\apache-tomcat-10.1.23\webapps\examples] de la aplicación web
09-May-2024 21:22:37.662 INFO [main] org.apache.catalina.startup.HostConfig.deployDirectory Deployment of web application directory [C:\SERVIDORES\apache-tomcat-10.1.23\webapps\examples] has finished in [285] ms
09-May-2024 21:22:37.663 INFO [main] org.apache.catalina.startup.HostConfig.deployDirectory Desplegando el directorio [C:\SERVIDORES\apache-tomcat-10.1.23\webapps\host-manager] de la aplicación web
09-May-2024 21:22:37.691 INFO [main] org.apache.catalina.startup.HostConfig.deployDirectory Deployment of web application directory [C:\SERVIDORES\apache-tomcat-10.1.23\webapps\host-manager] has finished in [28] ms
09-May-2024 21:22:37.691 INFO [main] org.apache.catalina.startup.HostConfig.deployDirectory Desplegando el directorio [C:\SERVIDORES\apache-tomcat-10.1.23\webapps\manager] de la aplicación web
09-May-2024 21:22:37.717 INFO [main] org.apache.catalina.startup.HostConfig.deployDirectory Deployment of web application directory [C:\SERVIDORES\apache-tomcat-10.1.23\webapps\manager] has finished in [26] ms
09-May-2024 21:22:37.718 INFO [main] org.apache.catalina.startup.HostConfig.deployDirectory Desplegando el directorio [C:\SERVIDORES\apache-tomcat-10.1.23\webapps\ROOT] de la aplicación web
09-May-2024 21:22:37.737 INFO [main] org.apache.catalina.startup.HostConfig.deployDirectory Deployment of web application directory [C:\SERVIDORES\apache-tomcat-10.1.23\webapps\ROOT] has finished in [18] ms
09-May-2024 21:22:37.742 INFO [main] org.apache.coyote.AbstractProtocol.start Starting ProtocolHandler ["http-nio-8080"]
09-May-2024 21:22:37.779 INFO [main] org.apache.catalina.startup.Catalina.start Server startup in [4165] milliseconds
09-May-2024 21:24:18.068 INFO [http-nio-8080-exec-3] org.apache.catalina.core.StandardContext.reload Ha comenzado la recarga de Contexto [/bdinfonba]
09-May-2024 21:24:20.115 INFO [http-nio-8080-exec-3] org.apache.jasper.servlet.TldScanner.scanJars Al menos un JAR, que se ha explorado buscando TLDs, aún no contenía TLDs. Activar historial de depuración para este historiador para una completa lista de los JARs que fueron explorados y de los que nos se halló TLDs. Saltarse JARs no necesarios durante la exploración puede dar lugar a una mejora de tiempo significativa en el arranque y compilación de JSP .
09-May-2024 21:24:21.535 SEVERE [http-nio-8080-exec-3] org.glassfish.jersey.internal.Errors.logErrors Following issues have been detected: 
WARNING: A resource model has ambiguous (sub-)resource method for HTTP method GET and input mime-types as defined by"@Consumes" and "@Produces" annotations at Java methods public jakarta.ws.rs.core.Response apirest.ServiceRESTPartidos.getAll() and public jakarta.ws.rs.core.Response apirest.ServiceRESTJugadores.getAll() at matching regular expression /equipos. These two methods produces and consumes exactly the same mime-types and therefore their invocation as a resource methods will always fail.
WARNING: A resource model has ambiguous (sub-)resource method for HTTP method GET and input mime-types as defined by"@Consumes" and "@Produces" annotations at Java methods public jakarta.ws.rs.core.Response apirest.ServiceRESTPartidos.getAll() and public jakarta.ws.rs.core.Response apirest.ServiceRESTEquipos.getAll() at matching regular expression /equipos. These two methods produces and consumes exactly the same mime-types and therefore their invocation as a resource methods will always fail.
WARNING: A resource model has ambiguous (sub-)resource method for HTTP method GET and input mime-types as defined by"@Consumes" and "@Produces" annotations at Java methods public jakarta.ws.rs.core.Response apirest.ServiceRESTJugadores.getAll() and public jakarta.ws.rs.core.Response apirest.ServiceRESTEquipos.getAll() at matching regular expression /equipos. These two methods produces and consumes exactly the same mime-types and therefore their invocation as a resource methods will always fail.
WARNING: A resource model has ambiguous (sub-)resource method for HTTP method GET and input mime-types as defined by"@Consumes" and "@Produces" annotations at Java methods public jakarta.ws.rs.core.Response apirest.ServiceRESTPartidos.getOne(java.lang.String) and public jakarta.ws.rs.core.Response apirest.ServiceRESTJugadores.getOne(java.lang.String) at matching regular expression /([^/]+). These two methods produces and consumes exactly the same mime-types and therefore their invocation as a resource methods will always fail.
WARNING: A resource model has ambiguous (sub-)resource method for HTTP method GET and input mime-types as defined by"@Consumes" and "@Produces" annotations at Java methods public jakarta.ws.rs.core.Response apirest.ServiceRESTPartidos.getOne(java.lang.String) and public jakarta.ws.rs.core.Response apirest.ServiceRESTEquipos.getOne(java.lang.String) at matching regular expression /([^/]+). These two methods produces and consumes exactly the same mime-types and therefore their invocation as a resource methods will always fail.
WARNING: A resource model has ambiguous (sub-)resource method for HTTP method GET and input mime-types as defined by"@Consumes" and "@Produces" annotations at Java methods public jakarta.ws.rs.core.Response apirest.ServiceRESTJugadores.getOne(java.lang.String) and public jakarta.ws.rs.core.Response apirest.ServiceRESTEquipos.getOne(java.lang.String) at matching regular expression /([^/]+). These two methods produces and consumes exactly the same mime-types and therefore their invocation as a resource methods will always fail.
HINT: Cannot create new registration for component type class org.glassfish.jersey.jsonb.internal.JsonBindingProvider: Existing previous registration found for the type.

09-May-2024 21:24:21.540 INFO [http-nio-8080-exec-3] org.apache.catalina.core.StandardContext.reload Se ha completado la recarga de este Contexto
09-May-2024 21:24:21.867 INFO [http-nio-8080-exec-10] org.apache.catalina.core.StandardContext.reload Ha comenzado la recarga de Contexto [/bdinfonba]
09-May-2024 21:24:23.607 INFO [http-nio-8080-exec-10] org.apache.jasper.servlet.TldScanner.scanJars Al menos un JAR, que se ha explorado buscando TLDs, aún no contenía TLDs. Activar historial de depuración para este historiador para una completa lista de los JARs que fueron explorados y de los que nos se halló TLDs. Saltarse JARs no necesarios durante la exploración puede dar lugar a una mejora de tiempo significativa en el arranque y compilación de JSP .
09-May-2024 21:24:25.029 SEVERE [http-nio-8080-exec-10] org.glassfish.jersey.internal.Errors.logErrors Following issues have been detected: 
WARNING: A resource model has ambiguous (sub-)resource method for HTTP method GET and input mime-types as defined by"@Consumes" and "@Produces" annotations at Java methods public jakarta.ws.rs.core.Response apirest.ServiceRESTEquipos.getAll() and public jakarta.ws.rs.core.Response apirest.ServiceRESTJugadores.getAll() at matching regular expression /equipos. These two methods produces and consumes exactly the same mime-types and therefore their invocation as a resource methods will always fail.
WARNING: A resource model has ambiguous (sub-)resource method for HTTP method GET and input mime-types as defined by"@Consumes" and "@Produces" annotations at Java methods public jakarta.ws.rs.core.Response apirest.ServiceRESTEquipos.getAll() and public jakarta.ws.rs.core.Response apirest.ServiceRESTPartidos.getAll() at matching regular expression /equipos. These two methods produces and consumes exactly the same mime-types and therefore their invocation as a resource methods will always fail.
WARNING: A resource model has ambiguous (sub-)resource method for HTTP method GET and input mime-types as defined by"@Consumes" and "@Produces" annotations at Java methods public jakarta.ws.rs.core.Response apirest.ServiceRESTJugadores.getAll() and public jakarta.ws.rs.core.Response apirest.ServiceRESTPartidos.getAll() at matching regular expression /equipos. These two methods produces and consumes exactly the same mime-types and therefore their invocation as a resource methods will always fail.
WARNING: A resource model has ambiguous (sub-)resource method for HTTP method GET and input mime-types as defined by"@Consumes" and "@Produces" annotations at Java methods public jakarta.ws.rs.core.Response apirest.ServiceRESTEquipos.getOne(java.lang.String) and public jakarta.ws.rs.core.Response apirest.ServiceRESTJugadores.getOne(java.lang.String) at matching regular expression /([^/]+). These two methods produces and consumes exactly the same mime-types and therefore their invocation as a resource methods will always fail.
WARNING: A resource model has ambiguous (sub-)resource method for HTTP method GET and input mime-types as defined by"@Consumes" and "@Produces" annotations at Java methods public jakarta.ws.rs.core.Response apirest.ServiceRESTEquipos.getOne(java.lang.String) and public jakarta.ws.rs.core.Response apirest.ServiceRESTPartidos.getOne(java.lang.String) at matching regular expression /([^/]+). These two methods produces and consumes exactly the same mime-types and therefore their invocation as a resource methods will always fail.
WARNING: A resource model has ambiguous (sub-)resource method for HTTP method GET and input mime-types as defined by"@Consumes" and "@Produces" annotations at Java methods public jakarta.ws.rs.core.Response apirest.ServiceRESTJugadores.getOne(java.lang.String) and public jakarta.ws.rs.core.Response apirest.ServiceRESTPartidos.getOne(java.lang.String) at matching regular expression /([^/]+). These two methods produces and consumes exactly the same mime-types and therefore their invocation as a resource methods will always fail.
HINT: Cannot create new registration for component type class org.glassfish.jersey.jsonb.internal.JsonBindingProvider: Existing previous registration found for the type.

09-May-2024 21:24:25.032 INFO [http-nio-8080-exec-10] org.apache.catalina.core.StandardContext.reload Se ha completado la recarga de este Contexto
09-May-2024 21:24:41.489 INFO [http-nio-8080-exec-2] org.apache.catalina.core.StandardContext.reload Ha comenzado la recarga de Contexto [/bdinfonba]
09-May-2024 21:24:43.202 INFO [http-nio-8080-exec-2] org.apache.jasper.servlet.TldScanner.scanJars Al menos un JAR, que se ha explorado buscando TLDs, aún no contenía TLDs. Activar historial de depuración para este historiador para una completa lista de los JARs que fueron explorados y de los que nos se halló TLDs. Saltarse JARs no necesarios durante la exploración puede dar lugar a una mejora de tiempo significativa en el arranque y compilación de JSP .
09-May-2024 21:24:44.487 SEVERE [http-nio-8080-exec-2] org.glassfish.jersey.internal.Errors.logErrors Following issues have been detected: 
WARNING: A resource model has ambiguous (sub-)resource method for HTTP method GET and input mime-types as defined by"@Consumes" and "@Produces" annotations at Java methods public jakarta.ws.rs.core.Response apirest.ServiceRESTEquipos.getAll() and public jakarta.ws.rs.core.Response apirest.ServiceRESTPartidos.getAll() at matching regular expression /equipos. These two methods produces and consumes exactly the same mime-types and therefore their invocation as a resource methods will always fail.
WARNING: A resource model has ambiguous (sub-)resource method for HTTP method GET and input mime-types as defined by"@Consumes" and "@Produces" annotations at Java methods public jakarta.ws.rs.core.Response apirest.ServiceRESTEquipos.getAll() and public jakarta.ws.rs.core.Response apirest.ServiceRESTJugadores.getAll() at matching regular expression /equipos. These two methods produces and consumes exactly the same mime-types and therefore their invocation as a resource methods will always fail.
WARNING: A resource model has ambiguous (sub-)resource method for HTTP method GET and input mime-types as defined by"@Consumes" and "@Produces" annotations at Java methods public jakarta.ws.rs.core.Response apirest.ServiceRESTPartidos.getAll() and public jakarta.ws.rs.core.Response apirest.ServiceRESTJugadores.getAll() at matching regular expression /equipos. These two methods produces and consumes exactly the same mime-types and therefore their invocation as a resource methods will always fail.
WARNING: A resource model has ambiguous (sub-)resource method for HTTP method GET and input mime-types as defined by"@Consumes" and "@Produces" annotations at Java methods public jakarta.ws.rs.core.Response apirest.ServiceRESTEquipos.getOne(java.lang.String) and public jakarta.ws.rs.core.Response apirest.ServiceRESTPartidos.getOne(java.lang.String) at matching regular expression /([^/]+). These two methods produces and consumes exactly the same mime-types and therefore their invocation as a resource methods will always fail.
WARNING: A resource model has ambiguous (sub-)resource method for HTTP method GET and input mime-types as defined by"@Consumes" and "@Produces" annotations at Java methods public jakarta.ws.rs.core.Response apirest.ServiceRESTEquipos.getOne(java.lang.String) and public jakarta.ws.rs.core.Response apirest.ServiceRESTJugadores.getOne(java.lang.String) at matching regular expression /([^/]+). These two methods produces and consumes exactly the same mime-types and therefore their invocation as a resource methods will always fail.
WARNING: A resource model has ambiguous (sub-)resource method for HTTP method GET and input mime-types as defined by"@Consumes" and "@Produces" annotations at Java methods public jakarta.ws.rs.core.Response apirest.ServiceRESTPartidos.getOne(java.lang.String) and public jakarta.ws.rs.core.Response apirest.ServiceRESTJugadores.getOne(java.lang.String) at matching regular expression /([^/]+). These two methods produces and consumes exactly the same mime-types and therefore their invocation as a resource methods will always fail.
HINT: Cannot create new registration for component type class org.glassfish.jersey.jsonb.internal.JsonBindingProvider: Existing previous registration found for the type.

09-May-2024 21:24:44.491 INFO [http-nio-8080-exec-2] org.apache.catalina.core.StandardContext.reload Se ha completado la recarga de este Contexto
09-May-2024 21:29:23.482 INFO [http-nio-8080-exec-15] org.apache.catalina.core.StandardContext.reload Ha comenzado la recarga de Contexto [/bdinfonba]
09-May-2024 21:29:25.355 INFO [http-nio-8080-exec-15] org.apache.jasper.servlet.TldScanner.scanJars Al menos un JAR, que se ha explorado buscando TLDs, aún no contenía TLDs. Activar historial de depuración para este historiador para una completa lista de los JARs que fueron explorados y de los que nos se halló TLDs. Saltarse JARs no necesarios durante la exploración puede dar lugar a una mejora de tiempo significativa en el arranque y compilación de JSP .
09-May-2024 21:29:26.803 SEVERE [http-nio-8080-exec-15] org.glassfish.jersey.internal.Errors.logErrors Following issues have been detected: 
WARNING: A resource model has ambiguous (sub-)resource method for HTTP method GET and input mime-types as defined by"@Consumes" and "@Produces" annotations at Java methods public jakarta.ws.rs.core.Response apirest.ServiceRESTPartidos.getAll() and public jakarta.ws.rs.core.Response apirest.ServiceRESTEquipos.getAll() at matching regular expression /equipos. These two methods produces and consumes exactly the same mime-types and therefore their invocation as a resource methods will always fail.
WARNING: A resource model has ambiguous (sub-)resource method for HTTP method GET and input mime-types as defined by"@Consumes" and "@Produces" annotations at Java methods public jakarta.ws.rs.core.Response apirest.ServiceRESTPartidos.getAll() and public jakarta.ws.rs.core.Response apirest.ServiceRESTJugadores.getAll() at matching regular expression /equipos. These two methods produces and consumes exactly the same mime-types and therefore their invocation as a resource methods will always fail.
WARNING: A resource model has ambiguous (sub-)resource method for HTTP method GET and input mime-types as defined by"@Consumes" and "@Produces" annotations at Java methods public jakarta.ws.rs.core.Response apirest.ServiceRESTEquipos.getAll() and public jakarta.ws.rs.core.Response apirest.ServiceRESTJugadores.getAll() at matching regular expression /equipos. These two methods produces and consumes exactly the same mime-types and therefore their invocation as a resource methods will always fail.
WARNING: A resource model has ambiguous (sub-)resource method for HTTP method GET and input mime-types as defined by"@Consumes" and "@Produces" annotations at Java methods public jakarta.ws.rs.core.Response apirest.ServiceRESTPartidos.getOne(java.lang.String) and public jakarta.ws.rs.core.Response apirest.ServiceRESTEquipos.getOne(java.lang.String) at matching regular expression /([^/]+). These two methods produces and consumes exactly the same mime-types and therefore their invocation as a resource methods will always fail.
WARNING: A resource model has ambiguous (sub-)resource method for HTTP method GET and input mime-types as defined by"@Consumes" and "@Produces" annotations at Java methods public jakarta.ws.rs.core.Response apirest.ServiceRESTPartidos.getOne(java.lang.String) and public jakarta.ws.rs.core.Response apirest.ServiceRESTJugadores.getOne(java.lang.String) at matching regular expression /([^/]+). These two methods produces and consumes exactly the same mime-types and therefore their invocation as a resource methods will always fail.
WARNING: A resource model has ambiguous (sub-)resource method for HTTP method GET and input mime-types as defined by"@Consumes" and "@Produces" annotations at Java methods public jakarta.ws.rs.core.Response apirest.ServiceRESTEquipos.getOne(java.lang.String) and public jakarta.ws.rs.core.Response apirest.ServiceRESTJugadores.getOne(java.lang.String) at matching regular expression /([^/]+). These two methods produces and consumes exactly the same mime-types and therefore their invocation as a resource methods will always fail.
HINT: Cannot create new registration for component type class org.glassfish.jersey.jsonb.internal.JsonBindingProvider: Existing previous registration found for the type.

09-May-2024 21:29:26.807 INFO [http-nio-8080-exec-15] org.apache.catalina.core.StandardContext.reload Se ha completado la recarga de este Contexto
09-May-2024 21:29:45.238 INFO [http-nio-8080-exec-19] org.apache.catalina.core.StandardContext.reload Ha comenzado la recarga de Contexto [/bdinfonba]
09-May-2024 21:29:47.041 INFO [http-nio-8080-exec-19] org.apache.jasper.servlet.TldScanner.scanJars Al menos un JAR, que se ha explorado buscando TLDs, aún no contenía TLDs. Activar historial de depuración para este historiador para una completa lista de los JARs que fueron explorados y de los que nos se halló TLDs. Saltarse JARs no necesarios durante la exploración puede dar lugar a una mejora de tiempo significativa en el arranque y compilación de JSP .
09-May-2024 21:29:48.468 SEVERE [http-nio-8080-exec-19] org.glassfish.jersey.internal.Errors.logErrors Following issues have been detected: 
WARNING: A resource model has ambiguous (sub-)resource method for HTTP method GET and input mime-types as defined by"@Consumes" and "@Produces" annotations at Java methods public jakarta.ws.rs.core.Response apirest.ServiceRESTEquipos.getAll() and public jakarta.ws.rs.core.Response apirest.ServiceRESTPartidos.getAll() at matching regular expression /equipos. These two methods produces and consumes exactly the same mime-types and therefore their invocation as a resource methods will always fail.
WARNING: A resource model has ambiguous (sub-)resource method for HTTP method GET and input mime-types as defined by"@Consumes" and "@Produces" annotations at Java methods public jakarta.ws.rs.core.Response apirest.ServiceRESTEquipos.getOne(java.lang.String) and public jakarta.ws.rs.core.Response apirest.ServiceRESTPartidos.getOne(java.lang.String) at matching regular expression /([^/]+). These two methods produces and consumes exactly the same mime-types and therefore their invocation as a resource methods will always fail.
HINT: Cannot create new registration for component type class org.glassfish.jersey.jsonb.internal.JsonBindingProvider: Existing previous registration found for the type.

09-May-2024 21:29:48.473 INFO [http-nio-8080-exec-19] org.apache.catalina.core.StandardContext.reload Se ha completado la recarga de este Contexto
09-May-2024 21:29:52.850 INFO [http-nio-8080-exec-16] org.apache.catalina.core.StandardContext.reload Ha comenzado la recarga de Contexto [/bdinfonba]
09-May-2024 21:29:54.705 INFO [http-nio-8080-exec-16] org.apache.jasper.servlet.TldScanner.scanJars Al menos un JAR, que se ha explorado buscando TLDs, aún no contenía TLDs. Activar historial de depuración para este historiador para una completa lista de los JARs que fueron explorados y de los que nos se halló TLDs. Saltarse JARs no necesarios durante la exploración puede dar lugar a una mejora de tiempo significativa en el arranque y compilación de JSP .
09-May-2024 21:29:56.156 INFO [http-nio-8080-exec-16] org.apache.catalina.core.StandardContext.reload Se ha completado la recarga de este Contexto
09-May-2024 21:29:56.157 INFO [http-nio-8080-exec-20] org.apache.catalina.core.StandardContext.reload Ha comenzado la recarga de Contexto [/bdinfonba]
09-May-2024 21:29:57.939 INFO [http-nio-8080-exec-20] org.apache.jasper.servlet.TldScanner.scanJars Al menos un JAR, que se ha explorado buscando TLDs, aún no contenía TLDs. Activar historial de depuración para este historiador para una completa lista de los JARs que fueron explorados y de los que nos se halló TLDs. Saltarse JARs no necesarios durante la exploración puede dar lugar a una mejora de tiempo significativa en el arranque y compilación de JSP .
09-May-2024 21:29:59.351 INFO [http-nio-8080-exec-20] org.apache.catalina.core.StandardContext.reload Se ha completado la recarga de este Contexto
09-May-2024 21:32:10.599 INFO [main] org.apache.catalina.core.StandardServer.await Se ha recibido un comando de apagado a través del puerto de apagado. Parando la instancia del Servidor.
09-May-2024 21:32:10.601 INFO [main] org.apache.coyote.AbstractProtocol.pause Pausing ProtocolHandler ["http-nio-8080"]
09-May-2024 21:32:10.603 INFO [main] org.apache.catalina.core.StandardService.stopInternal Parando servicio [Catalina]
09-May-2024 21:32:10.619 WARNING [main] org.apache.catalina.loader.WebappClassLoaderBase.clearReferencesJdbc La aplicación web [bdinfonba] registró el conductor JDBC [com.mysql.cj.jdbc.Driver] pero falló al anular el registro mientras la aplicación web estaba parada. Para prevenir un fallo de memoria, se ha anulado el registro del conductor JDBC por la fuerza.
09-May-2024 21:32:10.619 WARNING [main] org.apache.catalina.loader.WebappClassLoaderBase.clearReferencesThreads The web application [bdinfonba] appears to have started a thread named [mysql-cj-abandoned-connection-cleanup] but has failed to stop it. This is very likely to create a memory leak. Stack trace of thread:
 java.base@17.0.8/java.lang.Object.wait(Native Method)
 java.base@17.0.8/java.lang.ref.ReferenceQueue.remove(ReferenceQueue.java:155)
 com.mysql.cj.jdbc.AbandonedConnectionCleanupThread.run(AbandonedConnectionCleanupThread.java:91)
 java.base@17.0.8/java.util.concurrent.ThreadPoolExecutor.runWorker(ThreadPoolExecutor.java:1136)
 java.base@17.0.8/java.util.concurrent.ThreadPoolExecutor$Worker.run(ThreadPoolExecutor.java:635)
 java.base@17.0.8/java.lang.Thread.run(Thread.java:833)
09-May-2024 21:32:10.622 INFO [main] org.apache.coyote.AbstractProtocol.stop Stopping ProtocolHandler ["http-nio-8080"]
09-May-2024 21:32:10.633 INFO [main] org.apache.coyote.AbstractProtocol.destroy Destroying ProtocolHandler ["http-nio-8080"]
